<?xml version="1.0" encoding="UTF-8"?>
<!-- Generated by org.testng.reporters.JUnitXMLReporter -->
<testsuite hostname="LAPTOP-4PMHK02B" ignored="3" name="Smoke Testcase" tests="1" failures="0" timestamp="04 May 2021 15:57:11 GMT" time="0.047" errors="0">
  <testcase name="add" time="0.015" classname="com.qa.tests.DemoTest"/>
  <testcase name="sub" time="0.0" classname="com.qa.tests.DemoTest">
    <ignored/>
  </testcase> <!-- sub -->
  <testcase name="div" time="0.0" classname="com.qa.tests.DemoTest">
    <ignored/>
  </testcase> <!-- div -->
  <testcase name="mul" time="0.0" classname="com.qa.tests.DemoTest">
    <ignored/>
  </testcase> <!-- mul -->
</testsuite> <!-- Smoke Testcase -->
