<?xml version="1.0" encoding="UTF-8"?>
<testng-results skipped="0" failed="0" ignored="0" total="4" passed="4">
  <reporter-output>
  </reporter-output>
  <suite name="Maven Demo" duration-ms="62" started-at="2021-05-04T15:58:34Z" finished-at="2021-05-04T15:58:34Z">
    <groups>
    </groups>
    <test name="Maven Testing" duration-ms="62" started-at="2021-05-04T15:58:34Z" finished-at="2021-05-04T15:58:34Z">
      <class name="com.qa.tests.DemoTest">
        <test-method status="PASS" signature="add()[pri:0, instance:com.qa.tests.DemoTest@16267862]" name="add" duration-ms="16" started-at="2021-05-04T21:28:34Z" finished-at="2021-05-04T21:28:34Z">
          <reporter-output>
          </reporter-output>
        </test-method> <!-- add -->
        <test-method status="PASS" signature="mul()[pri:0, instance:com.qa.tests.DemoTest@16267862]" name="mul" duration-ms="0" started-at="2021-05-04T21:28:34Z" finished-at="2021-05-04T21:28:34Z">
          <reporter-output>
          </reporter-output>
        </test-method> <!-- mul -->
        <test-method status="PASS" signature="div()[pri:0, instance:com.qa.tests.DemoTest@16267862]" name="div" duration-ms="0" started-at="2021-05-04T21:28:34Z" finished-at="2021-05-04T21:28:34Z">
          <reporter-output>
          </reporter-output>
        </test-method> <!-- div -->
        <test-method status="PASS" signature="sub()[pri:0, instance:com.qa.tests.DemoTest@16267862]" name="sub" duration-ms="0" started-at="2021-05-04T21:28:34Z" finished-at="2021-05-04T21:28:34Z">
          <reporter-output>
          </reporter-output>
        </test-method> <!-- sub -->
      </class> <!-- com.qa.tests.DemoTest -->
    </test> <!-- Maven Testing -->
  </suite> <!-- Maven Demo -->
</testng-results>
