<?xml version="1.0" encoding="UTF-8"?>
<!-- Generated by org.testng.reporters.JUnitXMLReporter -->
<testsuite hostname="LAPTOP-4PMHK02B" ignored="0" name="Maven Testing" tests="4" failures="0" timestamp="03 May 2021 17:15:56 GMT" time="0.062" errors="0">
  <testcase name="add" time="0.016" classname="com.qa.tests.DemoTest"/>
  <testcase name="div" time="0.015" classname="com.qa.tests.DemoTest"/>
  <testcase name="mul" time="0.0" classname="com.qa.tests.DemoTest"/>
  <testcase name="sub" time="0.0" classname="com.qa.tests.DemoTest"/>
</testsuite> <!-- Maven Testing -->
